{"message":"server is listening to port: 4040","level":"info"}
{"message":"server is listening to port: 4040","level":"info"}
{"message":"server is listening to port: 4040","level":"info"}
{"message":"Api Key: 6ed06619-692d-46db-bca7-b373265eabbd was given to a user ","level":"info"}
{"message":"server is listening to port: 4040","level":"info"}
{"message":"Api Key: 131083fe-c760-48db-84d6-4e48b1d8d8f4 was given to a user ","level":"info"}
{"message":"server is listening to port: 4040","level":"info"}
{"message":"server is listening to port: 4040","level":"info"}
{"message":"server is listening to port: 4040","level":"info"}
{"message":"server is listening to port: 4040","level":"info"}
{"message":"server is listening to port: 4040","level":"info"}
{"message":"server is listening to port: 4040","level":"info"}
{"message":"server is listening to port: 4040","level":"info"}
{"message":"server is listening to port: 4040","level":"info"}
{"message":"a new API Key: 954f6ccc-39db-4e3d-8b86-801b4ef616b1 was generated for a user ","level":"info"}
{"message":"server is listening to port: 4040","level":"info"}
{"message":"a new API Key: 814a5ace-07e4-4c0e-9bb3-03dc9ee4ef06 was generated for a user ","level":"info"}
{"message":"server is listening to port: 4040","level":"info"}
{"message":"server is listening to port: 4040","level":"info"}
{"message":"a new API Key: f1f617f2-7f77-44e8-8e15-861a632f15b4 was generated for a user ","level":"info"}
{"message":"a new API Key: fb266283-8597-4f05-85be-e09f2e01f290 was generated for a user ","level":"info"}
{"message":"a new API Key: c421a1e3-76b1-46bb-9dd5-07b89f64b994 was generated for a user ","level":"info"}
{"message":"a new API Key: 75c5f175-41cb-49b0-b669-e7e32e4c0ce6 was generated for a user ","level":"info"}
{"message":"a new API Key: 83e08f9a-3423-417c-88ac-20565e630517 was generated for a user ","level":"info"}
{"message":"server is listening to port: 4040","level":"info"}
{"message":"a new API Key: 3b4aed27-e847-4b93-8e19-75434dc6a503 was generated for a user ","level":"info"}
{"message":"a new API Key: 4e017a32-649c-4bab-aa9e-ad1f30a0c740 was generated for a user ","level":"info"}
{"message":"server is listening to port: 4040","level":"info"}
{"message":"a new API Key: 294ca310-1f30-4fe0-b8d9-d0b80c96aff2 was generated for a user ","level":"info"}
{"message":"server is listening to port: 4040","level":"info"}
{"message":"a new API Key: 8ae42a8f-b0f3-402e-b1da-1ccb49f57f02 was generated for a user ","level":"info"}
{"message":"a new API Key: 3d994e19-6826-4407-8dbb-854b9d7e4a3e was generated for a user ","level":"info"}
{"message":"a new API Key: 8c139c3a-744f-4887-80ab-6f89a089d736 was generated for a user ","level":"info"}
{"message":"server is listening to port: 4040","level":"info"}
{"message":"server is listening to port: 4040","level":"info"}
{"message":"server is listening to port: 4040","level":"info"}
{"message":"server is listening to port: 4040","level":"info"}
{"message":"server is listening to port: 4040","level":"info"}
{"message":"server is listening to port: 4040","level":"info"}
{"message":"a new API Key: 4c5febf6-9cb1-413a-afbb-4bd6cf317536 was generated for a user ","level":"info"}
{"message":"server is listening to port: 4040","level":"info"}
{"message":"server is listening to port: 4040","level":"info"}
{"message":"server is listening to port: 4040","level":"info"}
{"message":"server is listening to port: 4040","level":"info"}
{"message":"server is listening to port: 4040","level":"info"}
{"message":"server is listening to port: 4040","level":"info"}
{"message":"server is listening to port: 4040","level":"info"}
{"message":"a new API Key: 9cf6ed49-6e57-4aae-b578-c022c0335e24 was generated for a user ","level":"info"}
{"message":"server is listening to port: 4040","level":"info"}
{"message":"server is listening to port: 4040","level":"info"}
{"message":"a new API Key: 08a8234d-9813-4b3c-a46a-71e7cf82b0ea was generated for a user ","level":"info"}
{"message":"server is listening to port: 4040","level":"info"}
{"message":"a new API Key: 6575a672-a57c-441d-81a1-cbfe292ddaa7 was generated for a user [object Object]","level":"info"}
{"message":"server is listening to port: 4040","level":"info"}
{"message":"a new API Key: cc56ed29-88bf-4f21-97a8-21b7331f62a8 was generated for a user undefined","level":"info"}
{"message":"server is listening to port: 4040","level":"info"}
{"message":"server is listening to port: 4040","level":"info"}
{"message":"server is listening to port: 4040","level":"info"}
{"message":"server is listening to port: 4040","level":"info"}
{"message":"server is listening to port: 4040","level":"info"}
{"message":"server is listening to port: 4040","level":"info"}
{"message":"server is listening to port: 4040","level":"info"}
{"message":"a new API Key: e8d2c9f1-b330-4037-8d62-58d90f41bde6 was generated for a user undefined","level":"info"}
{"message":"server is listening to port: 4040","level":"info"}
{"message":"server is listening to port: 4040","level":"info"}
{"message":"server is listening to port: 4040","level":"info"}
{"message":"a new API Key: 8b9e1a4d-3aae-4d14-bd0c-9a4b61aef64f was generated for a user undefined","level":"info"}
{"message":"server is listening to port: 4040","level":"info"}
{"message":"server is listening to port: 4040","level":"info"}
{"message":"server is listening to port: 4040","level":"info"}
{"message":"server is listening to port: 4040","level":"info"}
{"message":"server is listening to port: 4040","level":"info"}
